<?xml version="1.0" encoding="utf-8"?><testsuites name="pytest tests"><testsuite name="pytest" errors="0" failures="0" skipped="0" tests="69" time="8.683" timestamp="2026-08-25T08:49:48.743387+00:00" hostname="agent-env-db5e43a6-f88d-40e5-b9ff-803c1c5f9398"><testcase classname="tests.backend_test" name="test_root_health" time="0.305" /><testcase classname="tests.test_new_features" name="test_event_types_ten_in_order" time="0.347" /><testcase classname="tests.backend_test" name="test_auth_me_unauthenticated" time="0.099" /><testcase classname="tests.test_new_features" name="test_templates_21_all_categories" time="0.104" /><testcase classname="tests.backend_test" name="test_templates_list" time="0.096" /><testcase classname="tests.test_new_features" name="test_templates_filter_per_category[wedding]" time="0.103" /><testcase classname="tests.backend_test" name="test_templates_wedding_filter" time="0.102" /><testcase classname="tests.test_new_features" name="test_templates_filter_per_category[engagement]" time="0.096" /><testcase classname="tests.backend_test" name="test_auth_me_with_bearer" time="0.110" /><testcase classname="tests.test_new_features" name="test_templates_filter_per_category[aqiqah]" time="0.138" /><testcase classname="tests.backend_test" name="test_create_event" time="0.099" /><testcase classname="tests.test_new_features" name="test_templates_filter_per_category[khitanan]" time="0.111" /><testcase classname="tests.backend_test" name="test_list_events" time="0.093" /><testcase classname="tests.test_new_features" name="test_templates_filter_per_category[birthday]" time="0.089" /><testcase classname="tests.backend_test" name="test_get_event" time="0.140" /><testcase classname="tests.test_new_features" name="test_templates_filter_per_category[graduation]" time="0.095" /><testcase classname="tests.backend_test" name="test_patch_event_config" time="0.171" /><testcase classname="tests.test_new_features" name="test_templates_filter_per_category[anniversary]" time="0.119" /><testcase classname="tests.test_new_features" name="test_templates_filter_per_category[baby_shower]" time="0.090" /><testcase classname="tests.backend_test" name="test_add_guests_bulk" time="0.141" /><testcase classname="tests.test_new_features" name="test_templates_filter_per_category[syukuran]" time="0.093" /><testcase classname="tests.backend_test" name="test_list_guests" time="0.094" /><testcase classname="tests.test_new_features" name="test_templates_filter_per_category[corporate]" time="0.101" /><testcase classname="tests.backend_test" name="test_checkout" time="0.102" /><testcase classname="tests.test_new_features" name="test_payment_config_mocked" time="0.096" /><testcase classname="tests.backend_test" name="test_wa_send_requires_published" time="0.099" /><testcase classname="tests.test_new_features" name="test_new_event_type_defaults[engagement-engagement-rose]" time="0.198" /><testcase classname="tests.backend_test" name="test_complete_payment" time="0.097" /><testcase classname="tests.backend_test" name="test_wa_send_after_publish" time="0.237" /><testcase classname="tests.test_new_features" name="test_new_event_type_defaults[khitanan-khitanan-classic]" time="0.233" /><testcase classname="tests.backend_test" name="test_public_invitation_and_rsvp" time="0.305" /><testcase classname="tests.test_new_features" name="test_new_event_type_defaults[graduation-graduation-honor]" time="0.192" /><testcase classname="tests.test_new_features" name="test_new_event_type_defaults[anniversary-anniversary-forever]" time="0.248" /><testcase classname="tests.backend_test" name="test_public_draft_returns_404" time="0.286" /><testcase classname="tests.test_new_features" name="test_new_event_type_defaults[baby_shower-baby-shower-cloud]" time="0.192" /><testcase classname="tests.backend_test" name="test_publish_free" time="0.432" /><testcase classname="tests.test_new_features" name="test_new_event_type_defaults[syukuran-syukuran-heartfelt]" time="0.186" /><testcase classname="tests.test_new_features" name="test_new_event_type_defaults[corporate-corporate-elegant]" time="0.246" /><testcase classname="tests.backend_test" name="test_file_upload_download" time="0.602" /><testcase classname="tests.test_new_features" name="test_patch_section_toggles_and_ornament" time="0.661" /><testcase classname="tests.backend_test" name="test_delete_event_cascade" time="0.215" /><testcase classname="tests.test_new_features" name="test_public_invitation_exposes_toggles_and_ornament" time="0.511" /><testcase classname="tests.test_wishes_and_config" name="test_wedding_templates_include_anselma" time="0.108" /><testcase classname="tests.test_wishes_and_config" name="test_wedding_default_config_new_fields" time="0.346" /><testcase classname="tests.test_wishes_and_config" name="test_patch_rich_config_persists" time="0.212" /><testcase classname="tests.test_wishes_and_config" name="test_public_invitation_exposes_new_config" time="0.137" /><testcase classname="tests.test_wishes_and_config" name="test_submit_wish_success" time="0.138" /><testcase classname="tests.test_new_features" name="test_wish_cascades_to_guest_rsvp" time="0.659" /><testcase classname="tests.test_wishes_and_config" name="test_submit_wish_validation_400[payload0]" time="0.142" /><testcase classname="tests.test_new_features" name="test_wish_maybe_does_not_cascade" time="0.107" /><testcase classname="tests.test_wishes_and_config" name="test_submit_wish_validation_400[payload1]" time="0.117" /><testcase classname="tests.test_new_features" name="test_wish_not_attending_cascades" time="0.142" /><testcase classname="tests.test_wishes_and_config" name="test_submit_wish_validation_400[payload2]" time="0.164" /><testcase classname="tests.test_new_features" name="test_wish_without_guest_slug_no_cascade" time="0.294" /><testcase classname="tests.test_wishes_and_config" name="test_submit_wish_validation_400[payload3]" time="0.113" /><testcase classname="tests.test_wishes_and_config" name="test_submit_wish_invalid_attending_is_nulled" time="0.143" /><testcase classname="tests.test_wishes_and_config" name="test_submit_wish_missing_event_404" time="0.097" /><testcase classname="tests.test_new_features" name="test_wish_unknown_guest_slug_no_cascade" time="0.095" /><testcase classname="tests.test_wishes_and_config" name="test_list_wishes_sorted_desc" time="0.398" /><testcase classname="tests.test_new_features" name="test_wish_guest_count_clamped" time="0.099" /><testcase classname="tests.test_new_features" name="test_mock_checkout_shape" time="0.210" /><testcase classname="tests.test_new_features" name="test_checkout_other_user_404" time="0.193" /><testcase classname="tests.test_wishes_and_config" name="test_list_wishes_limit" time="0.120" /><testcase classname="tests.test_new_features" name="test_xendit_webhook_rejected_without_token" time="1.511" /><testcase classname="tests.test_wishes_and_config" name="test_list_wishes_missing_event_404" time="0.169" /><testcase classname="tests.test_wishes_and_config" name="test_owner_wishes_ok" time="0.139" /><testcase classname="tests.test_wishes_and_config" name="test_owner_wishes_other_user_404" time="0.108" /><testcase classname="tests.test_wishes_and_config" name="test_owner_wishes_unauthenticated_401" time="0.117" /><testcase classname="tests.test_wishes_and_config" name="test_delete_event_removes_wishes" time="0.632" /></testsuite></testsuites>