<?xml version="1.0" encoding="utf-8"?><testsuites name="pytest tests"><testsuite name="pytest" errors="0" failures="1" skipped="0" tests="38" time="4.842" timestamp="2026-08-25T08:21:06.244495+00:00" hostname="agent-env-db5e43a6-f88d-40e5-b9ff-803c1c5f9398"><testcase classname="tests.backend_test" name="test_root_health" time="0.178" /><testcase classname="tests.test_wishes_and_config" name="test_wedding_templates_include_anselma" time="0.227" /><testcase classname="tests.backend_test" name="test_auth_me_unauthenticated" time="0.098" /><testcase classname="tests.backend_test" name="test_templates_list" time="0.158" /><testcase classname="tests.backend_test" name="test_templates_wedding_filter" time="0.116" /><testcase classname="tests.test_wishes_and_config" name="test_wedding_default_config_new_fields" time="0.374" /><testcase classname="tests.backend_test" name="test_auth_me_with_bearer" time="0.111" /><testcase classname="tests.test_wishes_and_config" name="test_patch_rich_config_persists" time="0.248" /><testcase classname="tests.backend_test" name="test_create_event" time="0.102" /><testcase classname="tests.backend_test" name="test_list_events" time="0.161" /><testcase classname="tests.test_wishes_and_config" name="test_public_invitation_exposes_new_config" time="0.100" /><testcase classname="tests.backend_test" name="test_get_event" time="0.109" /><testcase classname="tests.test_wishes_and_config" name="test_submit_wish_success" time="0.128" /><testcase classname="tests.backend_test" name="test_patch_event_config" time="0.161" /><testcase classname="tests.test_wishes_and_config" name="test_submit_wish_validation_400[payload0]" time="0.112" /><testcase classname="tests.test_wishes_and_config" name="test_submit_wish_validation_400[payload1]" time="0.101" /><testcase classname="tests.backend_test" name="test_add_guests_bulk" time="0.141" /><testcase classname="tests.test_wishes_and_config" name="test_submit_wish_validation_400[payload2]" time="0.106" /><testcase classname="tests.backend_test" name="test_list_guests" time="0.105" /><testcase classname="tests.test_wishes_and_config" name="test_submit_wish_validation_400[payload3]" time="0.115" /><testcase classname="tests.backend_test" name="test_checkout" time="0.116" /><testcase classname="tests.test_wishes_and_config" name="test_submit_wish_invalid_attending_is_nulled" time="0.099" /><testcase classname="tests.backend_test" name="test_wa_send_requires_published" time="0.105" /><testcase classname="tests.test_wishes_and_config" name="test_submit_wish_missing_event_404" time="0.116" /><testcase classname="tests.backend_test" name="test_complete_payment" time="0.108" /><testcase classname="tests.test_wishes_and_config" name="test_list_wishes_sorted_desc" time="0.482" /><testcase classname="tests.backend_test" name="test_wa_send_after_publish" time="0.218" /><testcase classname="tests.backend_test" name="test_public_invitation_and_rsvp" time="0.398" /><testcase classname="tests.test_wishes_and_config" name="test_list_wishes_limit" time="0.129" /><testcase classname="tests.test_wishes_and_config" name="test_list_wishes_missing_event_404" time="0.098" /><testcase classname="tests.backend_test" name="test_public_draft_returns_404" time="0.314" /><testcase classname="tests.test_wishes_and_config" name="test_owner_wishes_ok" time="0.096" /><testcase classname="tests.test_wishes_and_config" name="test_owner_wishes_other_user_404" time="0.107" /><testcase classname="tests.test_wishes_and_config" name="test_owner_wishes_unauthenticated_401" time="0.136" /><testcase classname="tests.backend_test" name="test_publish_free" time="0.460" /><testcase classname="tests.test_wishes_and_config" name="test_delete_event_removes_wishes" time="0.697"><failure message="AssertionError: wishes were not cascade-deleted with the event&#10;assert 1 == 0">tests/test_wishes_and_config.py:271: in test_delete_event_removes_wishes
    assert remaining == 0, "wishes were not cascade-deleted with the event"
E   AssertionError: wishes were not cascade-deleted with the event
E   assert 1 == 0</failure></testcase><testcase classname="tests.backend_test" name="test_file_upload_download" time="0.608" /><testcase classname="tests.backend_test" name="test_delete_event_cascade" time="0.234" /></testsuite></testsuites>